\BOOKMARK [0][]{bookmark.0.cover.0}{Cover page}{}% 1
\BOOKMARK [0][]{chapter*.1}{Abbreviations and Acronyms}{}% 2
\BOOKMARK [0][]{bookmark.0.contents.0}{Contents}{}% 3
\BOOKMARK [0][]{chapter.1}{1 Introduction}{}% 4
\BOOKMARK [1][-]{section.1.1}{1.1 Overview}{chapter.1}% 5
\BOOKMARK [2][-]{subsection.1.1.1}{1.1.1 The LHC example}{section.1.1}% 6
\BOOKMARK [1][-]{section.1.2}{1.2 Problem Statement}{chapter.1}% 7
\BOOKMARK [1][-]{section.1.3}{1.3 Scope of the Thesis}{chapter.1}% 8
\BOOKMARK [1][-]{section.1.4}{1.4 Contributions}{chapter.1}% 9
\BOOKMARK [1][-]{section.1.5}{1.5 Structure of the Thesis}{chapter.1}% 10
\BOOKMARK [0][]{chapter.2}{2 Background}{}% 11
\BOOKMARK [1][-]{section.2.1}{2.1 Energy efficiency in Scientific Computing}{chapter.2}% 12
\BOOKMARK [2][-]{subsection.2.1.1}{2.1.1 CERN and the LHC experiment}{section.2.1}% 13
\BOOKMARK [1][-]{section.2.2}{2.2 Energy performance and measurement}{chapter.2}% 14
\BOOKMARK [2][-]{subsection.2.2.1}{2.2.1 Importance of measuring energy consumption}{section.2.2}% 15
\BOOKMARK [1][-]{section.2.3}{2.3 ARM architecture}{chapter.2}% 16
\BOOKMARK [2][-]{subsection.2.3.1}{2.3.1 Literature review}{section.2.3}% 17
\BOOKMARK [1][-]{section.2.4}{2.4 Scheduling based on dynamic energy pricing}{chapter.2}% 18
\BOOKMARK [2][-]{subsection.2.4.1}{2.4.1 Summary}{section.2.4}% 19
\BOOKMARK [2][-]{subsection.2.4.2}{2.4.2 General notes}{section.2.4}% 20
\BOOKMARK [2][-]{subsection.2.4.3}{2.4.3 Paper's notes}{section.2.4}% 21
\BOOKMARK [3][-]{subsubsection.2.4.3.1}{2.4.3.1 New articles}{subsection.2.4.3}% 22
\BOOKMARK [0][]{chapter.3}{3 Energy measurement tools and techniques}{}% 23
\BOOKMARK [1][-]{section.3.1}{3.1 Tools and techniques for energy measurement}{chapter.3}% 24
\BOOKMARK [1][-]{section.3.2}{3.2 Power efficiency measurements with x86-64 and ARMv7}{chapter.3}% 25
\BOOKMARK [2][-]{subsection.3.2.1}{3.2.1 Tools and techniques}{section.3.2}% 26
\BOOKMARK [0][]{chapter.4}{4 Experiments}{}% 27
\BOOKMARK [1][-]{section.4.1}{4.1 First set of experiments}{chapter.4}% 28
\BOOKMARK [1][-]{section.4.2}{4.2 Second set of experiments}{chapter.4}% 29
\BOOKMARK [1][-]{section.4.3}{4.3 Third set of experiments}{chapter.4}% 30
\BOOKMARK [0][]{chapter.5}{5 Results}{}% 31
\BOOKMARK [0][]{chapter.6}{6 Analysis}{}% 32
\BOOKMARK [1][-]{section.6.1}{6.1 First Set of Experiments}{chapter.6}% 33
\BOOKMARK [2][-]{subsection.6.1.1}{6.1.1 Comparison ARM and Intel architecures}{section.6.1}% 34
\BOOKMARK [2][-]{subsection.6.1.2}{6.1.2 Tools and techniques}{section.6.1}% 35
\BOOKMARK [1][-]{section.6.2}{6.2 Second Set of Experiments}{chapter.6}% 36
\BOOKMARK [2][-]{subsection.6.2.1}{6.2.1 Comparison ARM and Intel architecures}{section.6.2}% 37
\BOOKMARK [2][-]{subsection.6.2.2}{6.2.2 Tools and techniques}{section.6.2}% 38
\BOOKMARK [1][-]{section.6.3}{6.3 Third Set of Experiments}{chapter.6}% 39
\BOOKMARK [0][]{chapter.7}{7 Lowering the energy bill in a multi energy price environment}{}% 40
\BOOKMARK [0][]{chapter.8}{8 Future Work}{}% 41
\BOOKMARK [0][]{chapter.9}{9 Conclusions}{}% 42
\BOOKMARK [0][]{appendix.A}{A First appendix}{}% 43
