Locating sensor record...
Sensor ID              : Node Power (0x62)
 Entity ID             : 19.2
 Sensor Type (Analog)  : Power Unit
 Sensor Reading        : 4.500 (+/- 0) Watts
 Status                : ok
 Lower Non-Recoverable : 17.100
 Lower Critical        : 17.100
 Lower Non-Critical    : 17.100
 Upper Non-Critical    : 9.000
 Upper Critical        : 8.600
 Upper Non-Recoverable : 8.100

Locating sensor record...
Sensor ID              : Node Power (0x62)
 Entity ID             : 19.2
 Sensor Type (Analog)  : Power Unit
 Sensor Reading        : 4.100 (+/- 0) Watts
 Status                : ok
 Lower Non-Recoverable : 17.100
 Lower Critical        : 17.100
 Lower Non-Critical    : 17.100
 Upper Non-Critical    : 9.000
 Upper Critical        : 8.600
 Upper Non-Recoverable : 8.100

Locating sensor record...
Sensor ID              : Node Power (0x62)
 Entity ID             : 19.2
 Sensor Type (Analog)  : Power Unit
 Sensor Reading        : 4 (+/- 0) Watts
 Status                : ok
 Lower Non-Recoverable : 17.100
 Lower Critical        : 17.100
 Lower Non-Critical    : 17.100
 Upper Non-Critical    : 9.000
 Upper Critical        : 8.600
 Upper Non-Recoverable : 8.100

Locating sensor record...
Sensor ID              : Node Power (0x62)
 Entity ID             : 19.2
 Sensor Type (Analog)  : Power Unit
 Sensor Reading        : 3.500 (+/- 0) Watts
 Status                : ok
 Lower Non-Recoverable : 17.100
 Lower Critical        : 17.100
 Lower Non-Critical    : 17.100
 Upper Non-Critical    : 9.000
 Upper Critical        : 8.600
 Upper Non-Recoverable : 8.100

Locating sensor record...
Sensor ID              : Node Power (0x62)
 Entity ID             : 19.2
 Sensor Type (Analog)  : Power Unit
 Sensor Reading        : 4 (+/- 0) Watts
 Status                : ok
 Lower Non-Recoverable : 17.100
 Lower Critical        : 17.100
 Lower Non-Critical    : 17.100
 Upper Non-Critical    : 9.000
 Upper Critical        : 8.600
 Upper Non-Recoverable : 8.100

Locating sensor record...
Sensor ID              : Node Power (0x62)
 Entity ID             : 19.2
 Sensor Type (Analog)  : Power Unit
 Sensor Reading        : 3.700 (+/- 0) Watts
 Status                : ok
 Lower Non-Recoverable : 17.100
 Lower Critical        : 17.100
 Lower Non-Critical    : 17.100
 Upper Non-Critical    : 9.000
 Upper Critical        : 8.600
 Upper Non-Recoverable : 8.100

Locating sensor record...
Sensor ID              : Node Power (0x62)
 Entity ID             : 19.2
 Sensor Type (Analog)  : Power Unit
 Sensor Reading        : 3.300 (+/- 0) Watts
 Status                : ok
 Lower Non-Recoverable : 17.100
 Lower Critical        : 17.100
 Lower Non-Critical    : 17.100
 Upper Non-Critical    : 9.000
 Upper Critical        : 8.600
 Upper Non-Recoverable : 8.100

Locating sensor record...
Sensor ID              : Node Power (0x62)
 Entity ID             : 19.2
 Sensor Type (Analog)  : Power Unit
 Sensor Reading        : 4.200 (+/- 0) Watts
 Status                : ok
 Lower Non-Recoverable : 17.100
 Lower Critical        : 17.100
 Lower Non-Critical    : 17.100
 Upper Non-Critical    : 9.000
 Upper Critical        : 8.600
 Upper Non-Recoverable : 8.100

