  PID TTY      STAT   TIME  MAJFL   TRS   DRS   RSS %MEM COMMAND
 2325 pts/0    Ss     0:00      1   895 27184  5184  0.1 /bin/bash
 3596 pts/0    Sl     0:01     70   638 635385 25840  0.6 gedit test
 4010 pts/0    T      0:00      0    13 19230  2592  0.0 watch -n 10 ps -l
 4072 pts/0    T      0:00      0    13 19230  2568  0.0 watch -n 10 ps -l
 4077 pts/0    T      0:00      0    13 19230  2332  0.0 watch -n 1 ps -l
 4087 pts/0    T      0:00      0    13 19230  2332  0.0 watch -n 1 ps -l
 4096 pts/0    T      0:00      0    13 19230  2332  0.0 watch -n 1 ps -l
 4097 pts/0    T      0:00      0    13 19230  2332  0.0 watch -n 3 ps -l
 4098 pts/0    T      0:00      0    13 19230  2332  0.0 watch -n 3 ps -l
 4099 pts/0    T      0:00      0    13 19230  2588  0.0 watch -n 3 ps -l
 4216 pts/1    Ss+    0:00      0   895 27196  5180  0.1 /bin/bash
 4783 pts/0    T      0:00      0   100  4307   644  0.0 /bin/sh ./ps.sh
 4935 pts/0    T      0:00      0    94 13809   784  0.0 ps v
 4939 pts/0    T      0:00      0   100  4307   644  0.0 /bin/sh ./ps.sh
 4955 pts/0    T      0:00      0    21 11350   352  0.0 sleep 1
 5020 pts/0    S+     0:00      0   100  4307   612  0.0 /bin/sh ./ps.sh
 5021 pts/0    R+     0:00      0    94 13841  1048  0.0 ps v
  PID TTY      STAT   TIME  MAJFL   TRS   DRS   RSS %MEM COMMAND
 2325 pts/0    Ss     0:00      1   895 27184  5184  0.1 /bin/bash
 3596 pts/0    Sl     0:01     70   638 635385 25840  0.6 gedit test
 4010 pts/0    T      0:00      0    13 19230  2592  0.0 watch -n 10 ps -l
 4072 pts/0    T      0:00      0    13 19230  2568  0.0 watch -n 10 ps -l
 4077 pts/0    T      0:00      0    13 19230  2332  0.0 watch -n 1 ps -l
 4087 pts/0    T      0:00      0    13 19230  2332  0.0 watch -n 1 ps -l
 4096 pts/0    T      0:00      0    13 19230  2332  0.0 watch -n 1 ps -l
 4097 pts/0    T      0:00      0    13 19230  2332  0.0 watch -n 3 ps -l
 4098 pts/0    T      0:00      0    13 19230  2332  0.0 watch -n 3 ps -l
 4099 pts/0    T      0:00      0    13 19230  2588  0.0 watch -n 3 ps -l
 4216 pts/1    Ss+    0:00      0   895 27196  5180  0.1 /bin/bash
 4783 pts/0    T      0:00      0   100  4307   644  0.0 /bin/sh ./ps.sh
 4935 pts/0    T      0:00      0    94 13809   784  0.0 ps v
 4939 pts/0    T      0:00      0   100  4307   644  0.0 /bin/sh ./ps.sh
 4955 pts/0    T      0:00      0    21 11350   352  0.0 sleep 1
 5020 pts/0    S+     0:00      0   100  4307   612  0.0 /bin/sh ./ps.sh
 5023 pts/0    R+     0:00      0    94 13841  1048  0.0 ps v
  PID TTY      STAT   TIME  MAJFL   TRS   DRS   RSS %MEM COMMAND
 2325 pts/0    Ss     0:00      1   895 27184  5184  0.1 /bin/bash
 3596 pts/0    Sl     0:01     70   638 635385 25840  0.6 gedit test
 4010 pts/0    T      0:00      0    13 19230  2592  0.0 watch -n 10 ps -l
 4072 pts/0    T      0:00      0    13 19230  2568  0.0 watch -n 10 ps -l
 4077 pts/0    T      0:00      0    13 19230  2332  0.0 watch -n 1 ps -l
 4087 pts/0    T      0:00      0    13 19230  2332  0.0 watch -n 1 ps -l
 4096 pts/0    T      0:00      0    13 19230  2332  0.0 watch -n 1 ps -l
 4097 pts/0    T      0:00      0    13 19230  2332  0.0 watch -n 3 ps -l
 4098 pts/0    T      0:00      0    13 19230  2332  0.0 watch -n 3 ps -l
 4099 pts/0    T      0:00      0    13 19230  2588  0.0 watch -n 3 ps -l
 4216 pts/1    Ss+    0:00      0   895 27196  5180  0.1 /bin/bash
 4783 pts/0    T      0:00      0   100  4307   644  0.0 /bin/sh ./ps.sh
 4935 pts/0    T      0:00      0    94 13809   784  0.0 ps v
 4939 pts/0    T      0:00      0   100  4307   644  0.0 /bin/sh ./ps.sh
 4955 pts/0    T      0:00      0    21 11350   352  0.0 sleep 1
 5020 pts/0    S+     0:00      0   100  4307   612  0.0 /bin/sh ./ps.sh
 5025 pts/0    R+     0:00      0    94 13841  1048  0.0 ps v
  PID TTY      STAT   TIME  MAJFL   TRS   DRS   RSS %MEM COMMAND
 2325 pts/0    Ss     0:00      1   895 27184  5184  0.1 /bin/bash
 3596 pts/0    Sl     0:01     70   638 635385 25840  0.6 gedit test
 4010 pts/0    T      0:00      0    13 19230  2592  0.0 watch -n 10 ps -l
 4072 pts/0    T      0:00      0    13 19230  2568  0.0 watch -n 10 ps -l
 4077 pts/0    T      0:00      0    13 19230  2332  0.0 watch -n 1 ps -l
 4087 pts/0    T      0:00      0    13 19230  2332  0.0 watch -n 1 ps -l
 4096 pts/0    T      0:00      0    13 19230  2332  0.0 watch -n 1 ps -l
 4097 pts/0    T      0:00      0    13 19230  2332  0.0 watch -n 3 ps -l
 4098 pts/0    T      0:00      0    13 19230  2332  0.0 watch -n 3 ps -l
 4099 pts/0    T      0:00      0    13 19230  2588  0.0 watch -n 3 ps -l
 4216 pts/1    Ss+    0:00      0   895 27196  5180  0.1 /bin/bash
 4783 pts/0    T      0:00      0   100  4307   644  0.0 /bin/sh ./ps.sh
 4935 pts/0    T      0:00      0    94 13809   784  0.0 ps v
 4939 pts/0    T      0:00      0   100  4307   644  0.0 /bin/sh ./ps.sh
 4955 pts/0    T      0:00      0    21 11350   352  0.0 sleep 1
 5020 pts/0    S+     0:00      0   100  4307   612  0.0 /bin/sh ./ps.sh
 5027 pts/0    R+     0:00      0    94 13841  1048  0.0 ps v
  PID TTY      STAT   TIME  MAJFL   TRS   DRS   RSS %MEM COMMAND
 2325 pts/0    Ss     0:00      1   895 27184  5184  0.1 /bin/bash
 3596 pts/0    Sl     0:01     70   638 635385 25840  0.6 gedit test
 4010 pts/0    T      0:00      0    13 19230  2592  0.0 watch -n 10 ps -l
 4072 pts/0    T      0:00      0    13 19230  2568  0.0 watch -n 10 ps -l
 4077 pts/0    T      0:00      0    13 19230  2332  0.0 watch -n 1 ps -l
 4087 pts/0    T      0:00      0    13 19230  2332  0.0 watch -n 1 ps -l
 4096 pts/0    T      0:00      0    13 19230  2332  0.0 watch -n 1 ps -l
 4097 pts/0    T      0:00      0    13 19230  2332  0.0 watch -n 3 ps -l
 4098 pts/0    T      0:00      0    13 19230  2332  0.0 watch -n 3 ps -l
 4099 pts/0    T      0:00      0    13 19230  2588  0.0 watch -n 3 ps -l
 4216 pts/1    Ss+    0:00      0   895 27196  5180  0.1 /bin/bash
 4783 pts/0    T      0:00      0   100  4307   644  0.0 /bin/sh ./ps.sh
 4935 pts/0    T      0:00      0    94 13809   784  0.0 ps v
 4939 pts/0    T      0:00      0   100  4307   644  0.0 /bin/sh ./ps.sh
 4955 pts/0    T      0:00      0    21 11350   352  0.0 sleep 1
 5020 pts/0    S+     0:00      0   100  4307   648  0.0 /bin/sh ./ps.sh
 5029 pts/0    R+     0:00      0    94 13841  1044  0.0 ps v
  PID TTY      STAT   TIME  MAJFL   TRS   DRS   RSS %MEM COMMAND
 2325 pts/0    Ss     0:00      1   895 27184  5184  0.1 /bin/bash
 3596 pts/0    Sl     0:01     70   638 635385 25840  0.6 gedit test
 4010 pts/0    T      0:00      0    13 19230  2592  0.0 watch -n 10 ps -l
 4072 pts/0    T      0:00      0    13 19230  2568  0.0 watch -n 10 ps -l
 4077 pts/0    T      0:00      0    13 19230  2332  0.0 watch -n 1 ps -l
 4087 pts/0    T      0:00      0    13 19230  2332  0.0 watch -n 1 ps -l
 4096 pts/0    T      0:00      0    13 19230  2332  0.0 watch -n 1 ps -l
 4097 pts/0    T      0:00      0    13 19230  2332  0.0 watch -n 3 ps -l
 4098 pts/0    T      0:00      0    13 19230  2332  0.0 watch -n 3 ps -l
 4099 pts/0    T      0:00      0    13 19230  2588  0.0 watch -n 3 ps -l
 4216 pts/1    Ss+    0:00      0   895 27196  5180  0.1 /bin/bash
 4783 pts/0    T      0:00      0   100  4307   644  0.0 /bin/sh ./ps.sh
 4935 pts/0    T      0:00      0    94 13809   784  0.0 ps v
 4939 pts/0    T      0:00      0   100  4307   644  0.0 /bin/sh ./ps.sh
 4955 pts/0    T      0:00      0    21 11350   352  0.0 sleep 1
 5020 pts/0    S+     0:00      0   100  4307   648  0.0 /bin/sh ./ps.sh
 5031 pts/0    R+     0:00      0    94 13841  1048  0.0 ps v
  PID TTY      STAT   TIME  MAJFL   TRS   DRS   RSS %MEM COMMAND
 2325 pts/0    Ss     0:00      1   895 27184  5184  0.1 /bin/bash
 3596 pts/0    Sl     0:01     70   638 635385 25840  0.6 gedit test
 4010 pts/0    T      0:00      0    13 19230  2592  0.0 watch -n 10 ps -l
 4072 pts/0    T      0:00      0    13 19230  2568  0.0 watch -n 10 ps -l
 4077 pts/0    T      0:00      0    13 19230  2332  0.0 watch -n 1 ps -l
 4087 pts/0    T      0:00      0    13 19230  2332  0.0 watch -n 1 ps -l
 4096 pts/0    T      0:00      0    13 19230  2332  0.0 watch -n 1 ps -l
 4097 pts/0    T      0:00      0    13 19230  2332  0.0 watch -n 3 ps -l
 4098 pts/0    T      0:00      0    13 19230  2332  0.0 watch -n 3 ps -l
 4099 pts/0    T      0:00      0    13 19230  2588  0.0 watch -n 3 ps -l
 4216 pts/1    Ss+    0:00      0   895 27196  5180  0.1 /bin/bash
 4783 pts/0    T      0:00      0   100  4307   644  0.0 /bin/sh ./ps.sh
 4935 pts/0    T      0:00      0    94 13809   784  0.0 ps v
 4939 pts/0    T      0:00      0   100  4307   644  0.0 /bin/sh ./ps.sh
 4955 pts/0    T      0:00      0    21 11350   352  0.0 sleep 1
 5020 pts/0    S+     0:00      0   100  4307   648  0.0 /bin/sh ./ps.sh
 5035 pts/0    R+     0:00      0    94 13841  1044  0.0 ps v
  PID TTY      STAT   TIME  MAJFL   TRS   DRS   RSS %MEM COMMAND
 2325 pts/0    Ss     0:00      1   895 27184  5184  0.1 /bin/bash
 3596 pts/0    Sl     0:01     70   638 635385 25840  0.6 gedit test
 4010 pts/0    T      0:00      0    13 19230  2592  0.0 watch -n 10 ps -l
 4072 pts/0    T      0:00      0    13 19230  2568  0.0 watch -n 10 ps -l
 4077 pts/0    T      0:00      0    13 19230  2332  0.0 watch -n 1 ps -l
 4087 pts/0    T      0:00      0    13 19230  2332  0.0 watch -n 1 ps -l
 4096 pts/0    T      0:00      0    13 19230  2332  0.0 watch -n 1 ps -l
 4097 pts/0    T      0:00      0    13 19230  2332  0.0 watch -n 3 ps -l
 4098 pts/0    T      0:00      0    13 19230  2332  0.0 watch -n 3 ps -l
 4099 pts/0    T      0:00      0    13 19230  2588  0.0 watch -n 3 ps -l
 4216 pts/1    Ss+    0:00      0   895 27196  5180  0.1 /bin/bash
 4783 pts/0    T      0:00      0   100  4307   644  0.0 /bin/sh ./ps.sh
 4935 pts/0    T      0:00      0    94 13809   784  0.0 ps v
 4939 pts/0    T      0:00      0   100  4307   644  0.0 /bin/sh ./ps.sh
 4955 pts/0    T      0:00      0    21 11350   352  0.0 sleep 1
 5020 pts/0    S+     0:00      0   100  4307   648  0.0 /bin/sh ./ps.sh
 5037 pts/0    R+     0:00      0    94 13841  1048  0.0 ps v
  PID TTY      STAT   TIME  MAJFL   TRS   DRS   RSS %MEM COMMAND
 2325 pts/0    Ss     0:00      1   895 27184  5184  0.1 /bin/bash
 3596 pts/0    Sl     0:01     70   638 635385 25840  0.6 gedit test
 4010 pts/0    T      0:00      0    13 19230  2592  0.0 watch -n 10 ps -l
 4072 pts/0    T      0:00      0    13 19230  2568  0.0 watch -n 10 ps -l
 4077 pts/0    T      0:00      0    13 19230  2332  0.0 watch -n 1 ps -l
 4087 pts/0    T      0:00      0    13 19230  2332  0.0 watch -n 1 ps -l
 4096 pts/0    T      0:00      0    13 19230  2332  0.0 watch -n 1 ps -l
 4097 pts/0    T      0:00      0    13 19230  2332  0.0 watch -n 3 ps -l
 4098 pts/0    T      0:00      0    13 19230  2332  0.0 watch -n 3 ps -l
 4099 pts/0    T      0:00      0    13 19230  2588  0.0 watch -n 3 ps -l
 4216 pts/1    Ss+    0:00      0   895 27196  5180  0.1 /bin/bash
 4783 pts/0    T      0:00      0   100  4307   644  0.0 /bin/sh ./ps.sh
 4935 pts/0    T      0:00      0    94 13809   784  0.0 ps v
 4939 pts/0    T      0:00      0   100  4307   644  0.0 /bin/sh ./ps.sh
 4955 pts/0    T      0:00      0    21 11350   352  0.0 sleep 1
 5020 pts/0    S+     0:00      0   100  4307   648  0.0 /bin/sh ./ps.sh
 5039 pts/0    R+     0:00      0    94 13841  1044  0.0 ps v
  PID TTY      STAT   TIME  MAJFL   TRS   DRS   RSS %MEM COMMAND
 2325 pts/0    Ss     0:00      1   895 27184  5184  0.1 /bin/bash
 3596 pts/0    Sl     0:01     70   638 635385 25840  0.6 gedit test
 4010 pts/0    T      0:00      0    13 19230  2592  0.0 watch -n 10 ps -l
 4072 pts/0    T      0:00      0    13 19230  2568  0.0 watch -n 10 ps -l
 4077 pts/0    T      0:00      0    13 19230  2332  0.0 watch -n 1 ps -l
 4087 pts/0    T      0:00      0    13 19230  2332  0.0 watch -n 1 ps -l
 4096 pts/0    T      0:00      0    13 19230  2332  0.0 watch -n 1 ps -l
 4097 pts/0    T      0:00      0    13 19230  2332  0.0 watch -n 3 ps -l
 4098 pts/0    T      0:00      0    13 19230  2332  0.0 watch -n 3 ps -l
 4099 pts/0    T      0:00      0    13 19230  2588  0.0 watch -n 3 ps -l
 4216 pts/1    Ss+    0:00      0   895 27196  5180  0.1 /bin/bash
 4783 pts/0    T      0:00      0   100  4307   644  0.0 /bin/sh ./ps.sh
 4935 pts/0    T      0:00      0    94 13809   784  0.0 ps v
 4939 pts/0    T      0:00      0   100  4307   644  0.0 /bin/sh ./ps.sh
 4955 pts/0    T      0:00      0    21 11350   352  0.0 sleep 1
 5020 pts/0    S+     0:00      0   100  4307   648  0.0 /bin/sh ./ps.sh
 5041 pts/0    R+     0:00      0    94 13841  1044  0.0 ps v
  PID TTY      STAT   TIME  MAJFL   TRS   DRS   RSS %MEM COMMAND
 2325 pts/0    Ss     0:00      1   895 27184  5184  0.1 /bin/bash
 3596 pts/0    Sl     0:01     70   638 635385 25840  0.6 gedit test
 4010 pts/0    T      0:00      0    13 19230  2592  0.0 watch -n 10 ps -l
 4072 pts/0    T      0:00      0    13 19230  2568  0.0 watch -n 10 ps -l
 4077 pts/0    T      0:00      0    13 19230  2332  0.0 watch -n 1 ps -l
 4087 pts/0    T      0:00      0    13 19230  2332  0.0 watch -n 1 ps -l
 4096 pts/0    T      0:00      0    13 19230  2332  0.0 watch -n 1 ps -l
 4097 pts/0    T      0:00      0    13 19230  2332  0.0 watch -n 3 ps -l
 4098 pts/0    T      0:00      0    13 19230  2332  0.0 watch -n 3 ps -l
 4099 pts/0    T      0:00      0    13 19230  2588  0.0 watch -n 3 ps -l
 4216 pts/1    Ss+    0:00      0   895 27196  5180  0.1 /bin/bash
 4783 pts/0    T      0:00      0   100  4307   644  0.0 /bin/sh ./ps.sh
 4935 pts/0    T      0:00      0    94 13809   784  0.0 ps v
 4939 pts/0    T      0:00      0   100  4307   644  0.0 /bin/sh ./ps.sh
 4955 pts/0    T      0:00      0    21 11350   352  0.0 sleep 1
 5020 pts/0    S+     0:00      0   100  4307   648  0.0 /bin/sh ./ps.sh
 5043 pts/0    R+     0:00      0    94 13841  1048  0.0 ps v
  PID TTY      STAT   TIME  MAJFL   TRS   DRS   RSS %MEM COMMAND
 2325 pts/0    Ss     0:00      1   895 27184  5184  0.1 /bin/bash
 3596 pts/0    Sl     0:01     70   638 635385 25840  0.6 gedit test
 4010 pts/0    T      0:00      0    13 19230  2592  0.0 watch -n 10 ps -l
 4072 pts/0    T      0:00      0    13 19230  2568  0.0 watch -n 10 ps -l
 4077 pts/0    T      0:00      0    13 19230  2332  0.0 watch -n 1 ps -l
 4087 pts/0    T      0:00      0    13 19230  2332  0.0 watch -n 1 ps -l
 4096 pts/0    T      0:00      0    13 19230  2332  0.0 watch -n 1 ps -l
 4097 pts/0    T      0:00      0    13 19230  2332  0.0 watch -n 3 ps -l
 4098 pts/0    T      0:00      0    13 19230  2332  0.0 watch -n 3 ps -l
 4099 pts/0    T      0:00      0    13 19230  2588  0.0 watch -n 3 ps -l
 4216 pts/1    Ss+    0:00      0   895 27196  5180  0.1 /bin/bash
 4783 pts/0    T      0:00      0   100  4307   644  0.0 /bin/sh ./ps.sh
 4935 pts/0    T      0:00      0    94 13809   784  0.0 ps v
 4939 pts/0    T      0:00      0   100  4307   644  0.0 /bin/sh ./ps.sh
 4955 pts/0    T      0:00      0    21 11350   352  0.0 sleep 1
 5020 pts/0    S+     0:00      0   100  4307   648  0.0 /bin/sh ./ps.sh
 5045 pts/0    R+     0:00      0    94 13841  1048  0.0 ps v
  PID TTY      STAT   TIME  MAJFL   TRS   DRS   RSS %MEM COMMAND
 2325 pts/0    Ss     0:00      1   895 27184  5184  0.1 /bin/bash
 3596 pts/0    Sl     0:01     70   638 635385 25840  0.6 gedit test
 4010 pts/0    T      0:00      0    13 19230  2592  0.0 watch -n 10 ps -l
 4072 pts/0    T      0:00      0    13 19230  2568  0.0 watch -n 10 ps -l
 4077 pts/0    T      0:00      0    13 19230  2332  0.0 watch -n 1 ps -l
 4087 pts/0    T      0:00      0    13 19230  2332  0.0 watch -n 1 ps -l
 4096 pts/0    T      0:00      0    13 19230  2332  0.0 watch -n 1 ps -l
 4097 pts/0    T      0:00      0    13 19230  2332  0.0 watch -n 3 ps -l
 4098 pts/0    T      0:00      0    13 19230  2332  0.0 watch -n 3 ps -l
 4099 pts/0    T      0:00      0    13 19230  2588  0.0 watch -n 3 ps -l
 4216 pts/1    Ss+    0:00      0   895 27196  5180  0.1 /bin/bash
 4783 pts/0    T      0:00      0   100  4307   644  0.0 /bin/sh ./ps.sh
 4935 pts/0    T      0:00      0    94 13809   784  0.0 ps v
 4939 pts/0    T      0:00      0   100  4307   644  0.0 /bin/sh ./ps.sh
 4955 pts/0    T      0:00      0    21 11350   352  0.0 sleep 1
 5020 pts/0    S+     0:00      0   100  4307   648  0.0 /bin/sh ./ps.sh
 5047 pts/0    R+     0:00      0    94 13841  1044  0.0 ps v
  PID TTY      STAT   TIME  MAJFL   TRS   DRS   RSS %MEM COMMAND
 2325 pts/0    Ss     0:00      1   895 27184  5184  0.1 /bin/bash
 3596 pts/0    Sl     0:01     70   638 635385 25840  0.6 gedit test
 4010 pts/0    T      0:00      0    13 19230  2592  0.0 watch -n 10 ps -l
 4072 pts/0    T      0:00      0    13 19230  2568  0.0 watch -n 10 ps -l
 4077 pts/0    T      0:00      0    13 19230  2332  0.0 watch -n 1 ps -l
 4087 pts/0    T      0:00      0    13 19230  2332  0.0 watch -n 1 ps -l
 4096 pts/0    T      0:00      0    13 19230  2332  0.0 watch -n 1 ps -l
 4097 pts/0    T      0:00      0    13 19230  2332  0.0 watch -n 3 ps -l
 4098 pts/0    T      0:00      0    13 19230  2332  0.0 watch -n 3 ps -l
 4099 pts/0    T      0:00      0    13 19230  2588  0.0 watch -n 3 ps -l
 4216 pts/1    Ss+    0:00      0   895 27196  5180  0.1 /bin/bash
 4783 pts/0    T      0:00      0   100  4307   644  0.0 /bin/sh ./ps.sh
 4935 pts/0    T      0:00      0    94 13809   784  0.0 ps v
 4939 pts/0    T      0:00      0   100  4307   644  0.0 /bin/sh ./ps.sh
 4955 pts/0    T      0:00      0    21 11350   352  0.0 sleep 1
 5020 pts/0    S+     0:00      0   100  4307   648  0.0 /bin/sh ./ps.sh
 5049 pts/0    R+     0:00      0    94 13841  1048  0.0 ps v
  PID TTY      STAT   TIME  MAJFL   TRS   DRS   RSS %MEM COMMAND
 2325 pts/0    Ss     0:00      1   895 27184  5184  0.1 /bin/bash
 3596 pts/0    Sl     0:01     70   638 635385 25840  0.6 gedit test
 4010 pts/0    T      0:00      0    13 19230  2592  0.0 watch -n 10 ps -l
 4072 pts/0    T      0:00      0    13 19230  2568  0.0 watch -n 10 ps -l
 4077 pts/0    T      0:00      0    13 19230  2332  0.0 watch -n 1 ps -l
 4087 pts/0    T      0:00      0    13 19230  2332  0.0 watch -n 1 ps -l
 4096 pts/0    T      0:00      0    13 19230  2332  0.0 watch -n 1 ps -l
 4097 pts/0    T      0:00      0    13 19230  2332  0.0 watch -n 3 ps -l
 4098 pts/0    T      0:00      0    13 19230  2332  0.0 watch -n 3 ps -l
 4099 pts/0    T      0:00      0    13 19230  2588  0.0 watch -n 3 ps -l
 4216 pts/1    Ss+    0:00      0   895 27196  5180  0.1 /bin/bash
 4783 pts/0    T      0:00      0   100  4307   644  0.0 /bin/sh ./ps.sh
 4935 pts/0    T      0:00      0    94 13809   784  0.0 ps v
 4939 pts/0    T      0:00      0   100  4307   644  0.0 /bin/sh ./ps.sh
 4955 pts/0    T      0:00      0    21 11350   352  0.0 sleep 1
 5020 pts/0    S+     0:00      0   100  4307   648  0.0 /bin/sh ./ps.sh
 5051 pts/0    R+     0:00      0    94 13841  1048  0.0 ps v
  PID TTY      STAT   TIME  MAJFL   TRS   DRS   RSS %MEM COMMAND
 2325 pts/0    Ss     0:00      1   895 27184  5184  0.1 /bin/bash
 3596 pts/0    Sl     0:01     70   638 635385 25840  0.6 gedit test
 4010 pts/0    T      0:00      0    13 19230  2592  0.0 watch -n 10 ps -l
 4072 pts/0    T      0:00      0    13 19230  2568  0.0 watch -n 10 ps -l
 4077 pts/0    T      0:00      0    13 19230  2332  0.0 watch -n 1 ps -l
 4087 pts/0    T      0:00      0    13 19230  2332  0.0 watch -n 1 ps -l
 4096 pts/0    T      0:00      0    13 19230  2332  0.0 watch -n 1 ps -l
 4097 pts/0    T      0:00      0    13 19230  2332  0.0 watch -n 3 ps -l
 4098 pts/0    T      0:00      0    13 19230  2332  0.0 watch -n 3 ps -l
 4099 pts/0    T      0:00      0    13 19230  2588  0.0 watch -n 3 ps -l
 4216 pts/1    Ss+    0:00      0   895 27196  5180  0.1 /bin/bash
 4783 pts/0    T      0:00      0   100  4307   644  0.0 /bin/sh ./ps.sh
 4935 pts/0    T      0:00      0    94 13809   784  0.0 ps v
 4939 pts/0    T      0:00      0   100  4307   644  0.0 /bin/sh ./ps.sh
 4955 pts/0    T      0:00      0    21 11350   352  0.0 sleep 1
 5020 pts/0    S+     0:00      0   100  4307   648  0.0 /bin/sh ./ps.sh
 5053 pts/0    R+     0:00      0    94 13841  1048  0.0 ps v
  PID TTY      STAT   TIME  MAJFL   TRS   DRS   RSS %MEM COMMAND
 2325 pts/0    Ss     0:00      1   895 27184  5184  0.1 /bin/bash
 3596 pts/0    Sl     0:01     70   638 635385 25840  0.6 gedit test
 4010 pts/0    T      0:00      0    13 19230  2592  0.0 watch -n 10 ps -l
 4072 pts/0    T      0:00      0    13 19230  2568  0.0 watch -n 10 ps -l
 4077 pts/0    T      0:00      0    13 19230  2332  0.0 watch -n 1 ps -l
 4087 pts/0    T      0:00      0    13 19230  2332  0.0 watch -n 1 ps -l
 4096 pts/0    T      0:00      0    13 19230  2332  0.0 watch -n 1 ps -l
 4097 pts/0    T      0:00      0    13 19230  2332  0.0 watch -n 3 ps -l
 4098 pts/0    T      0:00      0    13 19230  2332  0.0 watch -n 3 ps -l
 4099 pts/0    T      0:00      0    13 19230  2588  0.0 watch -n 3 ps -l
 4216 pts/1    Ss+    0:00      0   895 27196  5180  0.1 /bin/bash
 4783 pts/0    T      0:00      0   100  4307   644  0.0 /bin/sh ./ps.sh
 4935 pts/0    T      0:00      0    94 13809   784  0.0 ps v
 4939 pts/0    T      0:00      0   100  4307   644  0.0 /bin/sh ./ps.sh
 4955 pts/0    T      0:00      0    21 11350   352  0.0 sleep 1
 5020 pts/0    S+     0:00      0   100  4307   648  0.0 /bin/sh ./ps.sh
 5055 pts/0    R+     0:00      0    94 13841  1048  0.0 ps v
  PID TTY      STAT   TIME  MAJFL   TRS   DRS   RSS %MEM COMMAND
 2325 pts/0    Ss     0:00      1   895 27184  5184  0.1 /bin/bash
 3596 pts/0    Sl     0:01     70   638 635385 25840  0.6 gedit test
 4010 pts/0    T      0:00      0    13 19230  2592  0.0 watch -n 10 ps -l
 4072 pts/0    T      0:00      0    13 19230  2568  0.0 watch -n 10 ps -l
 4077 pts/0    T      0:00      0    13 19230  2332  0.0 watch -n 1 ps -l
 4087 pts/0    T      0:00      0    13 19230  2332  0.0 watch -n 1 ps -l
 4096 pts/0    T      0:00      0    13 19230  2332  0.0 watch -n 1 ps -l
 4097 pts/0    T      0:00      0    13 19230  2332  0.0 watch -n 3 ps -l
 4098 pts/0    T      0:00      0    13 19230  2332  0.0 watch -n 3 ps -l
 4099 pts/0    T      0:00      0    13 19230  2588  0.0 watch -n 3 ps -l
 4216 pts/1    Ss+    0:00      0   895 27196  5180  0.1 /bin/bash
 4783 pts/0    T      0:00      0   100  4307   644  0.0 /bin/sh ./ps.sh
 4935 pts/0    T      0:00      0    94 13809   784  0.0 ps v
 4939 pts/0    T      0:00      0   100  4307   644  0.0 /bin/sh ./ps.sh
 4955 pts/0    T      0:00      0    21 11350   352  0.0 sleep 1
 5020 pts/0    S+     0:00      0   100  4307   648  0.0 /bin/sh ./ps.sh
 5057 pts/0    R+     0:00      0    94 13841  1044  0.0 ps v
  PID TTY      STAT   TIME  MAJFL   TRS   DRS   RSS %MEM COMMAND
 2325 pts/0    Ss     0:00      1   895 27184  5184  0.1 /bin/bash
 3596 pts/0    Sl     0:01     70   638 635385 25840  0.6 gedit test
 4010 pts/0    T      0:00      0    13 19230  2592  0.0 watch -n 10 ps -l
 4072 pts/0    T      0:00      0    13 19230  2568  0.0 watch -n 10 ps -l
 4077 pts/0    T      0:00      0    13 19230  2332  0.0 watch -n 1 ps -l
 4087 pts/0    T      0:00      0    13 19230  2332  0.0 watch -n 1 ps -l
 4096 pts/0    T      0:00      0    13 19230  2332  0.0 watch -n 1 ps -l
 4097 pts/0    T      0:00      0    13 19230  2332  0.0 watch -n 3 ps -l
 4098 pts/0    T      0:00      0    13 19230  2332  0.0 watch -n 3 ps -l
 4099 pts/0    T      0:00      0    13 19230  2588  0.0 watch -n 3 ps -l
 4216 pts/1    Ss+    0:00      0   895 27196  5180  0.1 /bin/bash
 4783 pts/0    T      0:00      0   100  4307   644  0.0 /bin/sh ./ps.sh
 4935 pts/0    T      0:00      0    94 13809   784  0.0 ps v
 4939 pts/0    T      0:00      0   100  4307   644  0.0 /bin/sh ./ps.sh
 4955 pts/0    T      0:00      0    21 11350   352  0.0 sleep 1
 5020 pts/0    S+     0:00      0   100  4307   648  0.0 /bin/sh ./ps.sh
 5059 pts/0    R+     0:00      0    94 13841  1044  0.0 ps v
  PID TTY      STAT   TIME  MAJFL   TRS   DRS   RSS %MEM COMMAND
 2325 pts/0    Ss     0:00      1   895 27184  5184  0.1 /bin/bash
 3596 pts/0    Sl     0:01     70   638 635385 25840  0.6 gedit test
 4010 pts/0    T      0:00      0    13 19230  2592  0.0 watch -n 10 ps -l
 4072 pts/0    T      0:00      0    13 19230  2568  0.0 watch -n 10 ps -l
 4077 pts/0    T      0:00      0    13 19230  2332  0.0 watch -n 1 ps -l
 4087 pts/0    T      0:00      0    13 19230  2332  0.0 watch -n 1 ps -l
 4096 pts/0    T      0:00      0    13 19230  2332  0.0 watch -n 1 ps -l
 4097 pts/0    T      0:00      0    13 19230  2332  0.0 watch -n 3 ps -l
 4098 pts/0    T      0:00      0    13 19230  2332  0.0 watch -n 3 ps -l
 4099 pts/0    T      0:00      0    13 19230  2588  0.0 watch -n 3 ps -l
 4216 pts/1    Ss+    0:00      0   895 27196  5180  0.1 /bin/bash
 4783 pts/0    T      0:00      0   100  4307   644  0.0 /bin/sh ./ps.sh
 4935 pts/0    T      0:00      0    94 13809   784  0.0 ps v
 4939 pts/0    T      0:00      0   100  4307   644  0.0 /bin/sh ./ps.sh
 4955 pts/0    T      0:00      0    21 11350   352  0.0 sleep 1
 5020 pts/0    S+     0:00      0   100  4307   648  0.0 /bin/sh ./ps.sh
 5061 pts/0    R+     0:00      0    94 13841  1048  0.0 ps v
