---------------------------------------------
CMake 2.8.12, Copyright 2000-2012 Kitware, Inc.
Found GNU toolchain
C compiler on this system is: gcc 
C++ compiler on this system is: g++ 
Makefile processor on this system is: make
g++ is GNU compiler
g++ has setenv
g++ has unsetenv
g++ does not have environ in stdlib.h
g++ has STL in std:: namespace
g++ has ANSI streams
g++ has streams in std:: namespace
g++ has sstream
g++ has operator!=(string, char*)
g++ has stl iterator_traits
g++ has standard template allocator
g++ has allocator<>::rebind<>
g++ does not have non-standard allocator<>::max_size argument
g++ has stl containers supporting allocator objects
g++ has header cstddef
g++ requires template friends to use <>
g++ supports member templates
g++ has standard template specialization syntax
g++ has argument dependent lookup
g++ has struct stat with st_mtim member
g++ has ios::binary openmode
g++ has ANSI for scoping
---------------------------------------------
g++  -I/home/gpestana/thesis/parfullcms/ins/cmake-2.8.12/Bootstrap.cmk -I/home/gpestana/thesis/parfullcms/ins/cmake-2.8.12/Source   -I/home/gpestana/thesis/parfullcms/ins/cmake-2.8.12/Bootstrap.cmk -c /home/gpestana/thesis/parfullcms/ins/cmake-2.8.12/Source/cmStandardIncludes.cxx -o cmStandardIncludes.o
g++  -I/home/gpestana/thesis/parfullcms/ins/cmake-2.8.12/Bootstrap.cmk -I/home/gpestana/thesis/parfullcms/ins/cmake-2.8.12/Source   -I/home/gpestana/thesis/parfullcms/ins/cmake-2.8.12/Bootstrap.cmk -c /home/gpestana/thesis/parfullcms/ins/cmake-2.8.12/Source/cmake.cxx -o cmake.o
g++  -I/home/gpestana/thesis/parfullcms/ins/cmake-2.8.12/Bootstrap.cmk -I/home/gpestana/thesis/parfullcms/ins/cmake-2.8.12/Source   -I/home/gpestana/thesis/parfullcms/ins/cmake-2.8.12/Bootstrap.cmk -c /home/gpestana/thesis/parfullcms/ins/cmake-2.8.12/Source/cmakemain.cxx -o cmakemain.o
g++  -I/home/gpestana/thesis/parfullcms/ins/cmake-2.8.12/Bootstrap.cmk -I/home/gpestana/thesis/parfullcms/ins/cmake-2.8.12/Source   -I/home/gpestana/thesis/parfullcms/ins/cmake-2.8.12/Bootstrap.cmk -c /home/gpestana/thesis/parfullcms/ins/cmake-2.8.12/Source/cmakewizard.cxx -o cmakewizard.o
g++  -I/home/gpestana/thesis/parfullcms/ins/cmake-2.8.12/Bootstrap.cmk -I/home/gpestana/thesis/parfullcms/ins/cmake-2.8.12/Source   -I/home/gpestana/thesis/parfullcms/ins/cmake-2.8.12/Bootstrap.cmk -c /home/gpestana/thesis/parfullcms/ins/cmake-2.8.12/Source/cmCommandArgumentLexer.cxx -o cmCommandArgumentLexer.o
g++  -I/home/gpestana/thesis/parfullcms/ins/cmake-2.8.12/Bootstrap.cmk -I/home/gpestana/thesis/parfullcms/ins/cmake-2.8.12/Source   -I/home/gpestana/thesis/parfullcms/ins/cmake-2.8.12/Bootstrap.cmk -c /home/gpestana/thesis/parfullcms/ins/cmake-2.8.12/Source/cmCommandArgumentParser.cxx -o cmCommandArgumentParser.o
g++  -I/home/gpestana/thesis/parfullcms/ins/cmake-2.8.12/Bootstrap.cmk -I/home/gpestana/thesis/parfullcms/ins/cmake-2.8.12/Source   -I/home/gpestana/thesis/parfullcms/ins/cmake-2.8.12/Bootstrap.cmk -c /home/gpestana/thesis/parfullcms/ins/cmake-2.8.12/Source/cmCommandArgumentParserHelper.cxx -o cmCommandArgumentParserHelper.o
g++  -I/home/gpestana/thesis/parfullcms/ins/cmake-2.8.12/Bootstrap.cmk -I/home/gpestana/thesis/parfullcms/ins/cmake-2.8.12/Source   -I/home/gpestana/thesis/parfullcms/ins/cmake-2.8.12/Bootstrap.cmk -c /home/gpestana/thesis/parfullcms/ins/cmake-2.8.12/Source/cmDefinitions.cxx -o cmDefinitions.o
g++  -I/home/gpestana/thesis/parfullcms/ins/cmake-2.8.12/Bootstrap.cmk -I/home/gpestana/thesis/parfullcms/ins/cmake-2.8.12/Source   -I/home/gpestana/thesis/parfullcms/ins/cmake-2.8.12/Bootstrap.cmk -c /home/gpestana/thesis/parfullcms/ins/cmake-2.8.12/Source/cmDepends.cxx -o cmDepends.o
g++  -I/home/gpestana/thesis/parfullcms/ins/cmake-2.8.12/Bootstrap.cmk -I/home/gpestana/thesis/parfullcms/ins/cmake-2.8.12/Source   -I/home/gpestana/thesis/parfullcms/ins/cmake-2.8.12/Bootstrap.cmk -c /home/gpestana/thesis/parfullcms/ins/cmake-2.8.12/Source/cmDependsC.cxx -o cmDependsC.o
g++  -I/home/gpestana/thesis/parfullcms/ins/cmake-2.8.12/Bootstrap.cmk -I/home/gpestana/thesis/parfullcms/ins/cmake-2.8.12/Source   -I/home/gpestana/thesis/parfullcms/ins/cmake-2.8.12/Bootstrap.cmk -c /home/gpestana/thesis/parfullcms/ins/cmake-2.8.12/Source/cmDocumentationFormatter.cxx -o cmDocumentationFormatter.o
g++  -I/home/gpestana/thesis/parfullcms/ins/cmake-2.8.12/Bootstrap.cmk -I/home/gpestana/thesis/parfullcms/ins/cmake-2.8.12/Source   -I/home/gpestana/thesis/parfullcms/ins/cmake-2.8.12/Bootstrap.cmk -c /home/gpestana/thesis/parfullcms/ins/cmake-2.8.12/Source/cmDocumentationFormatterText.cxx -o cmDocumentationFormatterText.o
g++  -I/home/gpestana/thesis/parfullcms/ins/cmake-2.8.12/Bootstrap.cmk -I/home/gpestana/thesis/parfullcms/ins/cmake-2.8.12/Source   -I/home/gpestana/thesis/parfullcms/ins/cmake-2.8.12/Bootstrap.cmk -c /home/gpestana/thesis/parfullcms/ins/cmake-2.8.12/Source/cmPolicies.cxx -o cmPolicies.o
g++  -I/home/gpestana/thesis/parfullcms/ins/cmake-2.8.12/Bootstrap.cmk -I/home/gpestana/thesis/parfullcms/ins/cmake-2.8.12/Source   -I/home/gpestana/thesis/parfullcms/ins/cmake-2.8.12/Bootstrap.cmk -c /home/gpestana/thesis/parfullcms/ins/cmake-2.8.12/Source/cmProperty.cxx -o cmProperty.o
g++  -I/home/gpestana/thesis/parfullcms/ins/cmake-2.8.12/Bootstrap.cmk -I/home/gpestana/thesis/parfullcms/ins/cmake-2.8.12/Source   -I/home/gpestana/thesis/parfullcms/ins/cmake-2.8.12/Bootstrap.cmk -c /home/gpestana/thesis/parfullcms/ins/cmake-2.8.12/Source/cmPropertyMap.cxx -o cmPropertyMap.o
g++  -I/home/gpestana/thesis/parfullcms/ins/cmake-2.8.12/Bootstrap.cmk -I/home/gpestana/thesis/parfullcms/ins/cmake-2.8.12/Source   -I/home/gpestana/thesis/parfullcms/ins/cmake-2.8.12/Bootstrap.cmk -c /home/gpestana/thesis/parfullcms/ins/cmake-2.8.12/Source/cmPropertyDefinition.cxx -o cmPropertyDefinition.o
g++  -I/home/gpestana/thesis/parfullcms/ins/cmake-2.8.12/Bootstrap.cmk -I/home/gpestana/thesis/parfullcms/ins/cmake-2.8.12/Source   -I/home/gpestana/thesis/parfullcms/ins/cmake-2.8.12/Bootstrap.cmk -c /home/gpestana/thesis/parfullcms/ins/cmake-2.8.12/Source/cmPropertyDefinitionMap.cxx -o cmPropertyDefinitionMap.o
g++  -I/home/gpestana/thesis/parfullcms/ins/cmake-2.8.12/Bootstrap.cmk -I/home/gpestana/thesis/parfullcms/ins/cmake-2.8.12/Source   -I/home/gpestana/thesis/parfullcms/ins/cmake-2.8.12/Bootstrap.cmk -c /home/gpestana/thesis/parfullcms/ins/cmake-2.8.12/Source/cmMakeDepend.cxx -o cmMakeDepend.o
g++  -I/home/gpestana/thesis/parfullcms/ins/cmake-2.8.12/Bootstrap.cmk -I/home/gpestana/thesis/parfullcms/ins/cmake-2.8.12/Source   -I/home/gpestana/thesis/parfullcms/ins/cmake-2.8.12/Bootstrap.cmk -c /home/gpestana/thesis/parfullcms/ins/cmake-2.8.12/Source/cmMakefile.cxx -o cmMakefile.o
g++  -I/home/gpestana/thesis/parfullcms/ins/cmake-2.8.12/Bootstrap.cmk -I/home/gpestana/thesis/parfullcms/ins/cmake-2.8.12/Source   -I/home/gpestana/thesis/parfullcms/ins/cmake-2.8.12/Bootstrap.cmk -c /home/gpestana/thesis/parfullcms/ins/cmake-2.8.12/Source/cmExportFileGenerator.cxx -o cmExportFileGenerator.o
g++  -I/home/gpestana/thesis/parfullcms/ins/cmake-2.8.12/Bootstrap.cmk -I/home/gpestana/thesis/parfullcms/ins/cmake-2.8.12/Source   -I/home/gpestana/thesis/parfullcms/ins/cmake-2.8.12/Bootstrap.cmk -c /home/gpestana/thesis/parfullcms/ins/cmake-2.8.12/Source/cmExportInstallFileGenerator.cxx -o cmExportInstallFileGenerator.o
g++  -I/home/gpestana/thesis/parfullcms/ins/cmake-2.8.12/Bootstrap.cmk -I/home/gpestana/thesis/parfullcms/ins/cmake-2.8.12/Source   -I/home/gpestana/thesis/parfullcms/ins/cmake-2.8.12/Bootstrap.cmk -c /home/gpestana/thesis/parfullcms/ins/cmake-2.8.12/Source/cmExportTryCompileFileGenerator.cxx -o cmExportTryCompileFileGenerator.o
g++  -I/home/gpestana/thesis/parfullcms/ins/cmake-2.8.12/Bootstrap.cmk -I/home/gpestana/thesis/parfullcms/ins/cmake-2.8.12/Source   -I/home/gpestana/thesis/parfullcms/ins/cmake-2.8.12/Bootstrap.cmk -c /home/gpestana/thesis/parfullcms/ins/cmake-2.8.12/Source/cmExportSet.cxx -o cmExportSet.o
g++  -I/home/gpestana/thesis/parfullcms/ins/cmake-2.8.12/Bootstrap.cmk -I/home/gpestana/thesis/parfullcms/ins/cmake-2.8.12/Source   -I/home/gpestana/thesis/parfullcms/ins/cmake-2.8.12/Bootstrap.cmk -c /home/gpestana/thesis/parfullcms/ins/cmake-2.8.12/Source/cmExportSetMap.cxx -o cmExportSetMap.o
g++  -I/home/gpestana/thesis/parfullcms/ins/cmake-2.8.12/Bootstrap.cmk -I/home/gpestana/thesis/parfullcms/ins/cmake-2.8.12/Source   -I/home/gpestana/thesis/parfullcms/ins/cmake-2.8.12/Bootstrap.cmk -c /home/gpestana/thesis/parfullcms/ins/cmake-2.8.12/Source/cmInstallDirectoryGenerator.cxx -o cmInstallDirectoryGenerator.o
g++  -I/home/gpestana/thesis/parfullcms/ins/cmake-2.8.12/Bootstrap.cmk -I/home/gpestana/thesis/parfullcms/ins/cmake-2.8.12/Source   -I/home/gpestana/thesis/parfullcms/ins/cmake-2.8.12/Bootstrap.cmk -c /home/gpestana/thesis/parfullcms/ins/cmake-2.8.12/Source/cmGeneratedFileStream.cxx -o cmGeneratedFileStream.o
g++  -I/home/gpestana/thesis/parfullcms/ins/cmake-2.8.12/Bootstrap.cmk -I/home/gpestana/thesis/parfullcms/ins/cmake-2.8.12/Source   -I/home/gpestana/thesis/parfullcms/ins/cmake-2.8.12/Bootstrap.cmk -c /home/gpestana/thesis/parfullcms/ins/cmake-2.8.12/Source/cmGeneratorTarget.cxx -o cmGeneratorTarget.o
g++  -I/home/gpestana/thesis/parfullcms/ins/cmake-2.8.12/Bootstrap.cmk -I/home/gpestana/thesis/parfullcms/ins/cmake-2.8.12/Source   -I/home/gpestana/thesis/parfullcms/ins/cmake-2.8.12/Bootstrap.cmk -c /home/gpestana/thesis/parfullcms/ins/cmake-2.8.12/Source/cmGeneratorExpressionDAGChecker.cxx -o cmGeneratorExpressionDAGChecker.o
g++  -I/home/gpestana/thesis/parfullcms/ins/cmake-2.8.12/Bootstrap.cmk -I/home/gpestana/thesis/parfullcms/ins/cmake-2.8.12/Source   -I/home/gpestana/thesis/parfullcms/ins/cmake-2.8.12/Bootstrap.cmk -c /home/gpestana/thesis/parfullcms/ins/cmake-2.8.12/Source/cmGeneratorExpressionEvaluator.cxx -o cmGeneratorExpressionEvaluator.o
g++  -I/home/gpestana/thesis/parfullcms/ins/cmake-2.8.12/Bootstrap.cmk -I/home/gpestana/thesis/parfullcms/ins/cmake-2.8.12/Source   -I/home/gpestana/thesis/parfullcms/ins/cmake-2.8.12/Bootstrap.cmk -c /home/gpestana/thesis/parfullcms/ins/cmake-2.8.12/Source/cmGeneratorExpressionLexer.cxx -o cmGeneratorExpressionLexer.o
g++  -I/home/gpestana/thesis/parfullcms/ins/cmake-2.8.12/Bootstrap.cmk -I/home/gpestana/thesis/parfullcms/ins/cmake-2.8.12/Source   -I/home/gpestana/thesis/parfullcms/ins/cmake-2.8.12/Bootstrap.cmk -c /home/gpestana/thesis/parfullcms/ins/cmake-2.8.12/Source/cmGeneratorExpressionParser.cxx -o cmGeneratorExpressionParser.o
g++  -I/home/gpestana/thesis/parfullcms/ins/cmake-2.8.12/Bootstrap.cmk -I/home/gpestana/thesis/parfullcms/ins/cmake-2.8.12/Source   -I/home/gpestana/thesis/parfullcms/ins/cmake-2.8.12/Bootstrap.cmk -c /home/gpestana/thesis/parfullcms/ins/cmake-2.8.12/Source/cmGeneratorExpression.cxx -o cmGeneratorExpression.o
g++  -I/home/gpestana/thesis/parfullcms/ins/cmake-2.8.12/Bootstrap.cmk -I/home/gpestana/thesis/parfullcms/ins/cmake-2.8.12/Source   -I/home/gpestana/thesis/parfullcms/ins/cmake-2.8.12/Bootstrap.cmk -c /home/gpestana/thesis/parfullcms/ins/cmake-2.8.12/Source/cmGlobalGenerator.cxx -o cmGlobalGenerator.o
g++  -I/home/gpestana/thesis/parfullcms/ins/cmake-2.8.12/Bootstrap.cmk -I/home/gpestana/thesis/parfullcms/ins/cmake-2.8.12/Source   -I/home/gpestana/thesis/parfullcms/ins/cmake-2.8.12/Bootstrap.cmk -c /home/gpestana/thesis/parfullcms/ins/cmake-2.8.12/Source/cmLocalGenerator.cxx -o cmLocalGenerator.o
g++  -I/home/gpestana/thesis/parfullcms/ins/cmake-2.8.12/Bootstrap.cmk -I/home/gpestana/thesis/parfullcms/ins/cmake-2.8.12/Source   -I/home/gpestana/thesis/parfullcms/ins/cmake-2.8.12/Bootstrap.cmk -c /home/gpestana/thesis/parfullcms/ins/cmake-2.8.12/Source/cmInstallGenerator.cxx -o cmInstallGenerator.o
g++  -I/home/gpestana/thesis/parfullcms/ins/cmake-2.8.12/Bootstrap.cmk -I/home/gpestana/thesis/parfullcms/ins/cmake-2.8.12/Source   -I/home/gpestana/thesis/parfullcms/ins/cmake-2.8.12/Bootstrap.cmk -c /home/gpestana/thesis/parfullcms/ins/cmake-2.8.12/Source/cmInstallExportGenerator.cxx -o cmInstallExportGenerator.o
g++  -I/home/gpestana/thesis/parfullcms/ins/cmake-2.8.12/Bootstrap.cmk -I/home/gpestana/thesis/parfullcms/ins/cmake-2.8.12/Source   -I/home/gpestana/thesis/parfullcms/ins/cmake-2.8.12/Bootstrap.cmk -c /home/gpestana/thesis/parfullcms/ins/cmake-2.8.12/Source/cmInstallFilesGenerator.cxx -o cmInstallFilesGenerator.o
g++  -I/home/gpestana/thesis/parfullcms/ins/cmake-2.8.12/Bootstrap.cmk -I/home/gpestana/thesis/parfullcms/ins/cmake-2.8.12/Source   -I/home/gpestana/thesis/parfullcms/ins/cmake-2.8.12/Bootstrap.cmk -c /home/gpestana/thesis/parfullcms/ins/cmake-2.8.12/Source/cmInstallScriptGenerator.cxx -o cmInstallScriptGenerator.o
g++  -I/home/gpestana/thesis/parfullcms/ins/cmake-2.8.12/Bootstrap.cmk -I/home/gpestana/thesis/parfullcms/ins/cmake-2.8.12/Source   -I/home/gpestana/thesis/parfullcms/ins/cmake-2.8.12/Bootstrap.cmk -c /home/gpestana/thesis/parfullcms/ins/cmake-2.8.12/Source/cmInstallTargetGenerator.cxx -o cmInstallTargetGenerator.o
g++  -I/home/gpestana/thesis/parfullcms/ins/cmake-2.8.12/Bootstrap.cmk -I/home/gpestana/thesis/parfullcms/ins/cmake-2.8.12/Source   -I/home/gpestana/thesis/parfullcms/ins/cmake-2.8.12/Bootstrap.cmk -c /home/gpestana/thesis/parfullcms/ins/cmake-2.8.12/Source/cmScriptGenerator.cxx -o cmScriptGenerator.o
g++  -I/home/gpestana/thesis/parfullcms/ins/cmake-2.8.12/Bootstrap.cmk -I/home/gpestana/thesis/parfullcms/ins/cmake-2.8.12/Source   -I/home/gpestana/thesis/parfullcms/ins/cmake-2.8.12/Bootstrap.cmk -c /home/gpestana/thesis/parfullcms/ins/cmake-2.8.12/Source/cmSourceFile.cxx -o cmSourceFile.o
g++  -I/home/gpestana/thesis/parfullcms/ins/cmake-2.8.12/Bootstrap.cmk -I/home/gpestana/thesis/parfullcms/ins/cmake-2.8.12/Source   -I/home/gpestana/thesis/parfullcms/ins/cmake-2.8.12/Bootstrap.cmk -c /home/gpestana/thesis/parfullcms/ins/cmake-2.8.12/Source/cmSourceFileLocation.cxx -o cmSourceFileLocation.o
g++  -I/home/gpestana/thesis/parfullcms/ins/cmake-2.8.12/Bootstrap.cmk -I/home/gpestana/thesis/parfullcms/ins/cmake-2.8.12/Source   -I/home/gpestana/thesis/parfullcms/ins/cmake-2.8.12/Bootstrap.cmk -c /home/gpestana/thesis/parfullcms/ins/cmake-2.8.12/Source/cmSystemTools.cxx -o cmSystemTools.o
g++  -I/home/gpestana/thesis/parfullcms/ins/cmake-2.8.12/Bootstrap.cmk -I/home/gpestana/thesis/parfullcms/ins/cmake-2.8.12/Source   -I/home/gpestana/thesis/parfullcms/ins/cmake-2.8.12/Bootstrap.cmk -c /home/gpestana/thesis/parfullcms/ins/cmake-2.8.12/Source/cmTestGenerator.cxx -o cmTestGenerator.o
g++  -I/home/gpestana/thesis/parfullcms/ins/cmake-2.8.12/Bootstrap.cmk -I/home/gpestana/thesis/parfullcms/ins/cmake-2.8.12/Source   -I/home/gpestana/thesis/parfullcms/ins/cmake-2.8.12/Bootstrap.cmk -c /home/gpestana/thesis/parfullcms/ins/cmake-2.8.12/Source/cmVersion.cxx -o cmVersion.o
g++  -I/home/gpestana/thesis/parfullcms/ins/cmake-2.8.12/Bootstrap.cmk -I/home/gpestana/thesis/parfullcms/ins/cmake-2.8.12/Source   -I/home/gpestana/thesis/parfullcms/ins/cmake-2.8.12/Bootstrap.cmk -c /home/gpestana/thesis/parfullcms/ins/cmake-2.8.12/Source/cmFileTimeComparison.cxx -o cmFileTimeComparison.o
g++  -I/home/gpestana/thesis/parfullcms/ins/cmake-2.8.12/Bootstrap.cmk -I/home/gpestana/thesis/parfullcms/ins/cmake-2.8.12/Source   -I/home/gpestana/thesis/parfullcms/ins/cmake-2.8.12/Bootstrap.cmk -c /home/gpestana/thesis/parfullcms/ins/cmake-2.8.12/Source/cmGlobalUnixMakefileGenerator3.cxx -o cmGlobalUnixMakefileGenerator3.o
g++  -I/home/gpestana/thesis/parfullcms/ins/cmake-2.8.12/Bootstrap.cmk -I/home/gpestana/thesis/parfullcms/ins/cmake-2.8.12/Source   -I/home/gpestana/thesis/parfullcms/ins/cmake-2.8.12/Bootstrap.cmk -c /home/gpestana/thesis/parfullcms/ins/cmake-2.8.12/Source/cmLocalUnixMakefileGenerator3.cxx -o cmLocalUnixMakefileGenerator3.o
g++  -I/home/gpestana/thesis/parfullcms/ins/cmake-2.8.12/Bootstrap.cmk -I/home/gpestana/thesis/parfullcms/ins/cmake-2.8.12/Source   -I/home/gpestana/thesis/parfullcms/ins/cmake-2.8.12/Bootstrap.cmk -c /home/gpestana/thesis/parfullcms/ins/cmake-2.8.12/Source/cmMakefileExecutableTargetGenerator.cxx -o cmMakefileExecutableTargetGenerator.o
g++  -I/home/gpestana/thesis/parfullcms/ins/cmake-2.8.12/Bootstrap.cmk -I/home/gpestana/thesis/parfullcms/ins/cmake-2.8.12/Source   -I/home/gpestana/thesis/parfullcms/ins/cmake-2.8.12/Bootstrap.cmk -c /home/gpestana/thesis/parfullcms/ins/cmake-2.8.12/Source/cmMakefileLibraryTargetGenerator.cxx -o cmMakefileLibraryTargetGenerator.o
g++  -I/home/gpestana/thesis/parfullcms/ins/cmake-2.8.12/Bootstrap.cmk -I/home/gpestana/thesis/parfullcms/ins/cmake-2.8.12/Source   -I/home/gpestana/thesis/parfullcms/ins/cmake-2.8.12/Bootstrap.cmk -c /home/gpestana/thesis/parfullcms/ins/cmake-2.8.12/Source/cmMakefileTargetGenerator.cxx -o cmMakefileTargetGenerator.o
g++  -I/home/gpestana/thesis/parfullcms/ins/cmake-2.8.12/Bootstrap.cmk -I/home/gpestana/thesis/parfullcms/ins/cmake-2.8.12/Source   -I/home/gpestana/thesis/parfullcms/ins/cmake-2.8.12/Bootstrap.cmk -c /home/gpestana/thesis/parfullcms/ins/cmake-2.8.12/Source/cmMakefileUtilityTargetGenerator.cxx -o cmMakefileUtilityTargetGenerator.o
g++  -I/home/gpestana/thesis/parfullcms/ins/cmake-2.8.12/Bootstrap.cmk -I/home/gpestana/thesis/parfullcms/ins/cmake-2.8.12/Source   -I/home/gpestana/thesis/parfullcms/ins/cmake-2.8.12/Bootstrap.cmk -c /home/gpestana/thesis/parfullcms/ins/cmake-2.8.12/Source/cmOSXBundleGenerator.cxx -o cmOSXBundleGenerator.o
g++  -I/home/gpestana/thesis/parfullcms/ins/cmake-2.8.12/Bootstrap.cmk -I/home/gpestana/thesis/parfullcms/ins/cmake-2.8.12/Source   -I/home/gpestana/thesis/parfullcms/ins/cmake-2.8.12/Bootstrap.cmk -c /home/gpestana/thesis/parfullcms/ins/cmake-2.8.12/Source/cmNewLineStyle.cxx -o cmNewLineStyle.o
g++  -I/home/gpestana/thesis/parfullcms/ins/cmake-2.8.12/Bootstrap.cmk -I/home/gpestana/thesis/parfullcms/ins/cmake-2.8.12/Source   -I/home/gpestana/thesis/parfullcms/ins/cmake-2.8.12/Bootstrap.cmk -c /home/gpestana/thesis/parfullcms/ins/cmake-2.8.12/Source/cmBootstrapCommands1.cxx -o cmBootstrapCommands1.o
g++  -I/home/gpestana/thesis/parfullcms/ins/cmake-2.8.12/Bootstrap.cmk -I/home/gpestana/thesis/parfullcms/ins/cmake-2.8.12/Source   -I/home/gpestana/thesis/parfullcms/ins/cmake-2.8.12/Bootstrap.cmk -c /home/gpestana/thesis/parfullcms/ins/cmake-2.8.12/Source/cmBootstrapCommands2.cxx -o cmBootstrapCommands2.o
g++  -I/home/gpestana/thesis/parfullcms/ins/cmake-2.8.12/Bootstrap.cmk -I/home/gpestana/thesis/parfullcms/ins/cmake-2.8.12/Source   -I/home/gpestana/thesis/parfullcms/ins/cmake-2.8.12/Bootstrap.cmk -c /home/gpestana/thesis/parfullcms/ins/cmake-2.8.12/Source/cmCommands.cxx -o cmCommands.o
g++  -I/home/gpestana/thesis/parfullcms/ins/cmake-2.8.12/Bootstrap.cmk -I/home/gpestana/thesis/parfullcms/ins/cmake-2.8.12/Source   -I/home/gpestana/thesis/parfullcms/ins/cmake-2.8.12/Bootstrap.cmk -c /home/gpestana/thesis/parfullcms/ins/cmake-2.8.12/Source/cmTarget.cxx -o cmTarget.o
g++  -I/home/gpestana/thesis/parfullcms/ins/cmake-2.8.12/Bootstrap.cmk -I/home/gpestana/thesis/parfullcms/ins/cmake-2.8.12/Source   -I/home/gpestana/thesis/parfullcms/ins/cmake-2.8.12/Bootstrap.cmk -c /home/gpestana/thesis/parfullcms/ins/cmake-2.8.12/Source/cmTest.cxx -o cmTest.o
g++  -I/home/gpestana/thesis/parfullcms/ins/cmake-2.8.12/Bootstrap.cmk -I/home/gpestana/thesis/parfullcms/ins/cmake-2.8.12/Source   -I/home/gpestana/thesis/parfullcms/ins/cmake-2.8.12/Bootstrap.cmk -c /home/gpestana/thesis/parfullcms/ins/cmake-2.8.12/Source/cmCustomCommand.cxx -o cmCustomCommand.o
g++  -I/home/gpestana/thesis/parfullcms/ins/cmake-2.8.12/Bootstrap.cmk -I/home/gpestana/thesis/parfullcms/ins/cmake-2.8.12/Source   -I/home/gpestana/thesis/parfullcms/ins/cmake-2.8.12/Bootstrap.cmk -c /home/gpestana/thesis/parfullcms/ins/cmake-2.8.12/Source/cmCustomCommandGenerator.cxx -o cmCustomCommandGenerator.o
g++  -I/home/gpestana/thesis/parfullcms/ins/cmake-2.8.12/Bootstrap.cmk -I/home/gpestana/thesis/parfullcms/ins/cmake-2.8.12/Source   -I/home/gpestana/thesis/parfullcms/ins/cmake-2.8.12/Bootstrap.cmk -c /home/gpestana/thesis/parfullcms/ins/cmake-2.8.12/Source/cmDocumentVariables.cxx -o cmDocumentVariables.o
g++  -I/home/gpestana/thesis/parfullcms/ins/cmake-2.8.12/Bootstrap.cmk -I/home/gpestana/thesis/parfullcms/ins/cmake-2.8.12/Source   -I/home/gpestana/thesis/parfullcms/ins/cmake-2.8.12/Bootstrap.cmk -c /home/gpestana/thesis/parfullcms/ins/cmake-2.8.12/Source/cmCacheManager.cxx -o cmCacheManager.o
g++  -I/home/gpestana/thesis/parfullcms/ins/cmake-2.8.12/Bootstrap.cmk -I/home/gpestana/thesis/parfullcms/ins/cmake-2.8.12/Source   -I/home/gpestana/thesis/parfullcms/ins/cmake-2.8.12/Bootstrap.cmk -c /home/gpestana/thesis/parfullcms/ins/cmake-2.8.12/Source/cmListFileCache.cxx -o cmListFileCache.o
g++  -I/home/gpestana/thesis/parfullcms/ins/cmake-2.8.12/Bootstrap.cmk -I/home/gpestana/thesis/parfullcms/ins/cmake-2.8.12/Source   -I/home/gpestana/thesis/parfullcms/ins/cmake-2.8.12/Bootstrap.cmk -c /home/gpestana/thesis/parfullcms/ins/cmake-2.8.12/Source/cmComputeLinkDepends.cxx -o cmComputeLinkDepends.o
g++  -I/home/gpestana/thesis/parfullcms/ins/cmake-2.8.12/Bootstrap.cmk -I/home/gpestana/thesis/parfullcms/ins/cmake-2.8.12/Source   -I/home/gpestana/thesis/parfullcms/ins/cmake-2.8.12/Bootstrap.cmk -c /home/gpestana/thesis/parfullcms/ins/cmake-2.8.12/Source/cmComputeLinkInformation.cxx -o cmComputeLinkInformation.o
g++  -I/home/gpestana/thesis/parfullcms/ins/cmake-2.8.12/Bootstrap.cmk -I/home/gpestana/thesis/parfullcms/ins/cmake-2.8.12/Source   -I/home/gpestana/thesis/parfullcms/ins/cmake-2.8.12/Bootstrap.cmk -c /home/gpestana/thesis/parfullcms/ins/cmake-2.8.12/Source/cmOrderDirectories.cxx -o cmOrderDirectories.o
g++  -I/home/gpestana/thesis/parfullcms/ins/cmake-2.8.12/Bootstrap.cmk -I/home/gpestana/thesis/parfullcms/ins/cmake-2.8.12/Source   -I/home/gpestana/thesis/parfullcms/ins/cmake-2.8.12/Bootstrap.cmk -c /home/gpestana/thesis/parfullcms/ins/cmake-2.8.12/Source/cmComputeTargetDepends.cxx -o cmComputeTargetDepends.o
g++  -I/home/gpestana/thesis/parfullcms/ins/cmake-2.8.12/Bootstrap.cmk -I/home/gpestana/thesis/parfullcms/ins/cmake-2.8.12/Source   -I/home/gpestana/thesis/parfullcms/ins/cmake-2.8.12/Bootstrap.cmk -c /home/gpestana/thesis/parfullcms/ins/cmake-2.8.12/Source/cmComputeComponentGraph.cxx -o cmComputeComponentGraph.o
g++  -I/home/gpestana/thesis/parfullcms/ins/cmake-2.8.12/Bootstrap.cmk -I/home/gpestana/thesis/parfullcms/ins/cmake-2.8.12/Source   -I/home/gpestana/thesis/parfullcms/ins/cmake-2.8.12/Bootstrap.cmk -c /home/gpestana/thesis/parfullcms/ins/cmake-2.8.12/Source/cmExprLexer.cxx -o cmExprLexer.o
g++  -I/home/gpestana/thesis/parfullcms/ins/cmake-2.8.12/Bootstrap.cmk -I/home/gpestana/thesis/parfullcms/ins/cmake-2.8.12/Source   -I/home/gpestana/thesis/parfullcms/ins/cmake-2.8.12/Bootstrap.cmk -c /home/gpestana/thesis/parfullcms/ins/cmake-2.8.12/Source/cmExprParser.cxx -o cmExprParser.o
g++  -I/home/gpestana/thesis/parfullcms/ins/cmake-2.8.12/Bootstrap.cmk -I/home/gpestana/thesis/parfullcms/ins/cmake-2.8.12/Source   -I/home/gpestana/thesis/parfullcms/ins/cmake-2.8.12/Bootstrap.cmk -c /home/gpestana/thesis/parfullcms/ins/cmake-2.8.12/Source/cmExprParserHelper.cxx -o cmExprParserHelper.o
g++  -I/home/gpestana/thesis/parfullcms/ins/cmake-2.8.12/Bootstrap.cmk -I/home/gpestana/thesis/parfullcms/ins/cmake-2.8.12/Source   -I/home/gpestana/thesis/parfullcms/ins/cmake-2.8.12/Bootstrap.cmk -c /home/gpestana/thesis/parfullcms/ins/cmake-2.8.12/Source/cmGlobalNinjaGenerator.cxx -o cmGlobalNinjaGenerator.o
g++  -I/home/gpestana/thesis/parfullcms/ins/cmake-2.8.12/Bootstrap.cmk -I/home/gpestana/thesis/parfullcms/ins/cmake-2.8.12/Source   -I/home/gpestana/thesis/parfullcms/ins/cmake-2.8.12/Bootstrap.cmk -c /home/gpestana/thesis/parfullcms/ins/cmake-2.8.12/Source/cmLocalNinjaGenerator.cxx -o cmLocalNinjaGenerator.o
g++  -I/home/gpestana/thesis/parfullcms/ins/cmake-2.8.12/Bootstrap.cmk -I/home/gpestana/thesis/parfullcms/ins/cmake-2.8.12/Source   -I/home/gpestana/thesis/parfullcms/ins/cmake-2.8.12/Bootstrap.cmk -c /home/gpestana/thesis/parfullcms/ins/cmake-2.8.12/Source/cmNinjaTargetGenerator.cxx -o cmNinjaTargetGenerator.o
g++  -I/home/gpestana/thesis/parfullcms/ins/cmake-2.8.12/Bootstrap.cmk -I/home/gpestana/thesis/parfullcms/ins/cmake-2.8.12/Source   -I/home/gpestana/thesis/parfullcms/ins/cmake-2.8.12/Bootstrap.cmk -c /home/gpestana/thesis/parfullcms/ins/cmake-2.8.12/Source/cmNinjaNormalTargetGenerator.cxx -o cmNinjaNormalTargetGenerator.o
Makefile:154: recipe for target 'cmNinjaNormalTargetGenerator.o' failed
make: *** [cmNinjaNormalTargetGenerator.o] Interrupt
